"polygons" in: met_min_ca_density.lydrc:35
    Polygons (raw): 585814 (flat)  24512 (hierarchical)
    Elapsed: 0.050s  Memory: 606.00M
"polygons" in: met_min_ca_density.lydrc:36
    Polygons (raw): 1522164 (flat)  23787 (hierarchical)
    Elapsed: 0.030s  Memory: 606.00M
"polygons" in: met_min_ca_density.lydrc:38
    Polygons (raw): 521335 (flat)  113420 (hierarchical)
    Elapsed: 0.060s  Memory: 608.00M
"polygons" in: met_min_ca_density.lydrc:39
    Polygons (raw): 41704 (flat)  38989 (hierarchical)
    Elapsed: 0.040s  Memory: 609.00M
"polygons" in: met_min_ca_density.lydrc:41
    Polygons (raw): 57499 (flat)  49736 (hierarchical)
    Elapsed: 0.050s  Memory: 610.00M
"polygons" in: met_min_ca_density.lydrc:42
    Polygons (raw): 9904 (flat)  9904 (hierarchical)
    Elapsed: 0.030s  Memory: 612.00M
"polygons" in: met_min_ca_density.lydrc:44
    Polygons (raw): 3852 (flat)  3852 (hierarchical)
    Elapsed: 0.030s  Memory: 612.00M
"polygons" in: met_min_ca_density.lydrc:45
    Polygons (raw): 50305 (flat)  50305 (hierarchical)
    Elapsed: 0.040s  Memory: 612.00M
"polygons" in: met_min_ca_density.lydrc:47
    Polygons (raw): 62 (flat)  62 (hierarchical)
    Elapsed: 0.020s  Memory: 612.00M
"polygons" in: met_min_ca_density.lydrc:48
    Polygons (raw): 0 (flat)  0 (hierarchical)
    Elapsed: 0.000s  Memory: 612.00M
"polygons" in: met_min_ca_density.lydrc:49
    Polygons (raw): 94 (flat)  94 (hierarchical)
    Elapsed: 0.020s  Memory: 612.00M
"polygons" in: met_min_ca_density.lydrc:51
    Polygons (raw): 44 (flat)  44 (hierarchical)
    Elapsed: 0.030s  Memory: 612.00M
"input" in: met_min_ca_density.lydrc:53
    Polygons (raw): 2 (flat)  2 (hierarchical)
    Elapsed: 0.030s  Memory: 612.00M
"area" in: met_min_ca_density.lydrc:55
    Elapsed: 0.040s  Memory: 618.00M
"polygons" in: met_min_ca_density.lydrc:59
    Polygons (raw): 585814 (flat)  24512 (hierarchical)
    Elapsed: 0.030s  Memory: 618.00M
"area" in: met_min_ca_density.lydrc:59
    Elapsed: 3.660s  Memory: 677.00M
li1_ca_density is 0.9538545212143914
"polygons" in: met_min_ca_density.lydrc:69
    Polygons (raw): 521335 (flat)  113420 (hierarchical)
    Elapsed: 0.070s  Memory: 677.00M
"area" in: met_min_ca_density.lydrc:69
    Elapsed: 3.270s  Memory: 689.00M
m1_ca_density is 0.9790696694159596
"polygons" in: met_min_ca_density.lydrc:79
    Polygons (raw): 57499 (flat)  49736 (hierarchical)
    Elapsed: 0.050s  Memory: 689.00M
"area" in: met_min_ca_density.lydrc:79
    Elapsed: 0.260s  Memory: 689.00M
m2_ca_density is 0.9954328007082814
"polygons" in: met_min_ca_density.lydrc:89
    Polygons (raw): 3852 (flat)  3852 (hierarchical)
    Elapsed: 0.030s  Memory: 689.00M
"area" in: met_min_ca_density.lydrc:89
    Elapsed: 0.070s  Memory: 689.00M
m3_ca_density is 0.9931743552157923
"polygons" in: met_min_ca_density.lydrc:99
    Polygons (raw): 62 (flat)  62 (hierarchical)
    Elapsed: 0.030s  Memory: 689.00M
"area" in: met_min_ca_density.lydrc:99
    Elapsed: 0.040s  Memory: 689.00M
m4_ca_density is 0.9850565134140528
"polygons" in: met_min_ca_density.lydrc:109
    Polygons (raw): 44 (flat)  44 (hierarchical)
    Elapsed: 0.020s  Memory: 689.00M
"area" in: met_min_ca_density.lydrc:109
    Elapsed: 0.030s  Memory: 689.00M
m5_ca_density is 0.9977303245641345
Writing report database: /home/nvm_user4/usr/mpw_7_files/sram_imc_analog/caravel_user_project_analog/precheck_results/11_SEP_2022___16_51_40/outputs/reports/klayout_met_min_ca_density_check.xml ..
Total elapsed: 8.680s  Memory: 689.00M
