2022-09-11 16:51:40 - [INFO] - {{EXTRACTING FILES}} Extracting compressed files in: /home/nvm_user4/usr/mpw_7_files/sram_imc_analog/caravel_user_project_analog
2022-09-11 16:51:40 - [INFO] - {{Project Type Info}} analog
2022-09-11 16:51:40 - [INFO] - {{Project GDS Info}} user_analog_project_wrapper: da9e82be11d8de3c0796c37a58d9c170e2f6a6f2
2022-09-11 16:51:40 - [INFO] - {{Tools Info}} KLayout: v0.27.10 | Magic: v8.3.315
2022-09-11 16:51:40 - [ERROR] - MPW Precheck failed to get Open PDKs & Skywater PDK versions: Command '['git', '-C', '/home/nvm_user4/skywater-pdk', 'rev-parse', '--verify', 'HEAD']' returned non-zero exit status 128.
2022-09-11 16:51:40 - [INFO] - {{START}} Precheck Started, the full log 'precheck.log' will be located in '/home/nvm_user4/usr/mpw_7_files/sram_imc_analog/caravel_user_project_analog/precheck_results/11_SEP_2022___16_51_40/logs'
2022-09-11 16:51:40 - [INFO] - {{PRECHECK SEQUENCE}} Precheck will run the following checks: [License, Makefile, Default, Documentation, Consistency, XOR, Magic DRC, Klayout FEOL, Klayout BEOL, Klayout Offgrid, Klayout Metal Minimum Clear Area Density, Klayout Pin Label Purposes Overlapping Drawing, Klayout ZeroArea]
2022-09-11 16:51:40 - [INFO] - {{STEP UPDATE}} Executing Check 1 of 13: License
2022-09-11 16:51:41 - [INFO] - An approved LICENSE (Apache-2.0) was found in /home/nvm_user4/usr/mpw_7_files/sram_imc_analog/caravel_user_project_analog.
2022-09-11 16:51:41 - [INFO] - {{MAIN LICENSE CHECK PASSED}} An approved LICENSE was found in project root.
2022-09-11 16:51:43 - [INFO] - An approved LICENSE (Apache-2.0) was found in /home/nvm_user4/usr/mpw_7_files/sram_imc_analog/caravel_user_project_analog.
2022-09-11 16:51:43 - [INFO] - {{SUBMODULES LICENSE CHECK PASSED}} No prohibited LICENSE file(s) was found in project submodules
2022-09-11 16:51:43 - [INFO] - {{SPDX COMPLIANCE CHECK PASSED}} Project is compliant with the SPDX Standard
2022-09-11 16:51:43 - [INFO] - {{STEP UPDATE}} Executing Check 2 of 13: Makefile
2022-09-11 16:51:43 - [INFO] - {{MAKEFILE CHECK PASSED}} Makefile valid.
2022-09-11 16:51:43 - [INFO] - {{STEP UPDATE}} Executing Check 3 of 13: Default
2022-09-11 16:51:43 - [INFO] - {{README DEFAULT CHECK PASSED}} Project 'README.md' was modified and is not identical to the default 'README.md'
2022-09-11 16:51:43 - [INFO] - {{CONTENT DEFAULT CHECK PASSED}} Project 'gds' was modified and is not identical to the default 'gds'
2022-09-11 16:51:43 - [INFO] - {{STEP UPDATE}} Executing Check 4 of 13: Documentation
2022-09-11 16:51:43 - [INFO] - {{DOCUMENTATION CHECK PASSED}} Project documentation is appropriate.
2022-09-11 16:51:43 - [INFO] - {{STEP UPDATE}} Executing Check 5 of 13: Consistency
2022-09-11 16:51:46 - [INFO] - HIERARCHY CHECK PASSED: Module user_analog_project_wrapper is instantiated in caravan. 
2022-09-11 16:51:46 - [INFO] - COMPLEXITY CHECK PASSED: Netlist caravan contains at least 8 instances (68 instances). 
2022-09-11 16:51:46 - [INFO] - MODELING CHECK PASSED: Netlist caravan is structural.
2022-09-11 16:51:46 - [INFO] - SUBMODULE HOOKS CHECK PASSED: All module ports for user_analog_project_wrapper are correctly connected in the top level netlist caravan.
2022-09-11 16:51:46 - [INFO] - {{NETLIST CONSISTENCY CHECK PASSED}} caravan netlist passed all consistency checks.
2022-09-11 16:51:46 - [INFO] - PORTS CHECK PASSED: Netlist user_analog_project_wrapper ports match the golden wrapper ports
2022-09-11 16:51:46 - [INFO] - COMPLEXITY CHECK PASSED: Netlist user_analog_project_wrapper contains at least 1 instances (11 instances). 
2022-09-11 16:51:46 - [INFO] - MODELING CHECK PASSED: Netlist user_analog_project_wrapper is structural.
2022-09-11 16:51:46 - [INFO] - LAYOUT CHECK PASSED: The GDS layout for user_analog_project_wrapper matches the provided structural netlist.
2022-09-11 16:51:46 - [INFO] - {{NETLIST CONSISTENCY CHECK PASSED}} user_analog_project_wrapper netlist passed all consistency checks.
2022-09-11 16:51:47 - [INFO] - {{CONSISTENCY CHECK PASSED}} The user netlist and the top netlist are valid.
2022-09-11 16:51:47 - [INFO] - {{STEP UPDATE}} Executing Check 6 of 13: XOR
2022-09-11 16:51:49 - [ERROR] - XOR CHECK FILE NOT FOUND in /home/nvm_user4/usr/mpw_7_files/sram_imc_analog/caravel_user_project_analog/precheck_results/11_SEP_2022___16_51_40/logs/xor_check.total
2022-09-11 16:51:49 - [WARNING] - {{XOR CHECK FAILED}} The GDS file has non-conforming geometries.
2022-09-11 16:51:49 - [INFO] - {{STEP UPDATE}} Executing Check 7 of 13: Magic DRC
2022-09-11 16:51:50 - [INFO] - 0 DRC violations
2022-09-11 16:51:50 - [INFO] - {{MAGIC DRC CHECK PASSED}} The GDS file, user_analog_project_wrapper.gds, has no DRC violations.
2022-09-11 16:51:50 - [INFO] - {{STEP UPDATE}} Executing Check 8 of 13: Klayout FEOL
2022-09-11 16:52:18 - [ERROR] - Total # of DRC violations is 128 Please check /home/nvm_user4/usr/mpw_7_files/sram_imc_analog/caravel_user_project_analog/precheck_results/11_SEP_2022___16_51_40/outputs/reports/klayout_feol_check.xml For more details
2022-09-11 16:52:18 - [WARNING] - {{Klayout FEOL CHECK FAILED}} The GDS file, user_analog_project_wrapper.gds, has DRC violations.
2022-09-11 16:52:18 - [INFO] - {{STEP UPDATE}} Executing Check 9 of 13: Klayout BEOL
2022-09-11 16:55:22 - [INFO] - No DRC Violations found
2022-09-11 16:55:22 - [INFO] - {{Klayout BEOL CHECK PASSED}} The GDS file, user_analog_project_wrapper.gds, has no DRC violations.
2022-09-11 16:55:22 - [INFO] - {{STEP UPDATE}} Executing Check 10 of 13: Klayout Offgrid
2022-09-11 16:55:53 - [INFO] - No DRC Violations found
2022-09-11 16:55:53 - [INFO] - {{Klayout Offgrid CHECK PASSED}} The GDS file, user_analog_project_wrapper.gds, has no DRC violations.
2022-09-11 16:55:53 - [INFO] - {{STEP UPDATE}} Executing Check 11 of 13: Klayout Metal Minimum Clear Area Density
2022-09-11 16:56:02 - [INFO] - No DRC Violations found
2022-09-11 16:56:02 - [INFO] - {{Klayout Metal Minimum Clear Area Density CHECK PASSED}} The GDS file, user_analog_project_wrapper.gds, has no DRC violations.
2022-09-11 16:56:02 - [INFO] - {{STEP UPDATE}} Executing Check 12 of 13: Klayout Pin Label Purposes Overlapping Drawing
2022-09-11 16:56:09 - [INFO] - No DRC Violations found
2022-09-11 16:56:09 - [INFO] - {{Klayout Pin Label Purposes Overlapping Drawing CHECK PASSED}} The GDS file, user_analog_project_wrapper.gds, has no DRC violations.
2022-09-11 16:56:09 - [INFO] - {{STEP UPDATE}} Executing Check 13 of 13: Klayout ZeroArea
2022-09-11 16:56:11 - [INFO] - No DRC Violations found
2022-09-11 16:56:11 - [INFO] - {{Klayout ZeroArea CHECK PASSED}} The GDS file, user_analog_project_wrapper.gds, has no DRC violations.
2022-09-11 16:56:11 - [INFO] - {{FINISH}} Executing Finished, the full log 'precheck.log' can be found in '/home/nvm_user4/usr/mpw_7_files/sram_imc_analog/caravel_user_project_analog/precheck_results/11_SEP_2022___16_51_40/logs'
2022-09-11 16:56:11 - [CRITICAL] - {{FAILURE}} 2 Check(s) Failed: ['XOR', 'Klayout FEOL'] !!!
